Camera/app/build/outputs/logs/manifest-merger-release-report.txt
-- Merging decision tree log ---
manifest
ADDED from AndroidManifest.xml:2:1
	xmlns:android
		ADDED from AndroidManifest.xml:2:11
	package
		ADDED from AndroidManifest.xml:2:120
		INJECTED from AndroidManifest.xml:0:0
		INJECTED from AndroidManifest.xml:0:0
	android:versionName
		ADDED from AndroidManifest.xml:2:94
	android:versionCode
		ADDED from AndroidManifest.xml:2:70
		INJECTED from AndroidManifest.xml:0:0
		INJECTED from AndroidManifest.xml:0:0
uses-permission#android.permission.CAMERA
ADDED from AndroidManifest.xml:4:5
	android:name
		ADDED from AndroidManifest.xml:4:22
uses-feature#android.hardware.camera
ADDED from AndroidManifest.xml:5:5
	android:name
		ADDED from AndroidManifest.xml:5:19
uses-feature#android.hardware.camera.autofocus
ADDED from AndroidManifest.xml:6:5
	android:name
		ADDED from AndroidManifest.xml:6:19
uses-sdk
ADDED from AndroidManifest.xml:7:5
MERGED from com.android.support:recyclerview-v7:22.1.1:20:5
MERGED from com.android.support:support-v4:22.1.1:20:5
	android:targetSdkVersion
		ADDED from AndroidManifest.xml:7:42
		INJECTED from AndroidManifest.xml:0:0
		INJECTED from AndroidManifest.xml:0:0
	android:minSdkVersion
		ADDED from AndroidManifest.xml:7:15
		INJECTED from AndroidManifest.xml:0:0
		INJECTED from AndroidManifest.xml:0:0
application
ADDED from AndroidManifest.xml:9:5
MERGED from com.android.support:recyclerview-v7:22.1.1:22:5
MERGED from com.android.support:support-v4:22.1.1:22:5
	android:label
		ADDED from AndroidManifest.xml:9:82
	android:allowBackup
		ADDED from AndroidManifest.xml:9:18
	android:icon
		ADDED from AndroidManifest.xml:9:45
	android:theme
		ADDED from AndroidManifest.xml:9:115
activity#com.godpose.camera.MainActivity
ADDED from AndroidManifest.xml:10:9
	android:screenOrientation
		ADDED from AndroidManifest.xml:10:172
	android:label
		ADDED from AndroidManifest.xml:10:92
	android:configChanges
		ADDED from AndroidManifest.xml:10:19
	android:name
		ADDED from AndroidManifest.xml:10:125
intent-filter#android.intent.action.MAIN+android.intent.category.LAUNCHER
ADDED from AndroidManifest.xml:11:13
action#android.intent.action.MAIN
ADDED from AndroidManifest.xml:12:17
	android:name
		ADDED from AndroidManifest.xml:12:25
category#android.intent.category.LAUNCHER
ADDED from AndroidManifest.xml:13:17
	android:name
		ADDED from AndroidManifest.xml:13:27
activity#com.godpose.camera.CameraActivity
ADDED from AndroidManifest.xml:16:9
	android:name
		ADDED from AndroidManifest.xml:16:19
meta-data#UMENG_APPKEY
ADDED from AndroidManifest.xml:18:5
	android:name
		ADDED from AndroidManifest.xml:18:16
	android:value
		ADDED from AndroidManifest.xml:18:44
activity#com.umeng.socialize.view.ShareActivity
ADDED from AndroidManifest.xml:19:1
	android:windowSoftInputMode
		ADDED from AndroidManifest.xml:19:205
	android:noHistory
		ADDED from AndroidManifest.xml:19:142
	android:configChanges
		ADDED from AndroidManifest.xml:19:11
	android:theme
		ADDED from AndroidManifest.xml:19:167
	android:name
		ADDED from AndroidManifest.xml:19:88
	android:launchMode
		ADDED from AndroidManifest.xml:19:56
activity#com.godpose.camera.wxapi.WXEntryActivity
ADDED from AndroidManifest.xml:20:1
	android:screenOrientation
		ADDED from AndroidManifest.xml:20:135
	android:configChanges
		ADDED from AndroidManifest.xml:20:11
	android:theme
		ADDED from AndroidManifest.xml:20:172
	android:exported
		ADDED from AndroidManifest.xml:20:73
	android:name
		ADDED from AndroidManifest.xml:20:97
activity#com.umeng.socialize.view.CommentActivity
ADDED from AndroidManifest.xml:21:1
	android:configChanges
		ADDED from AndroidManifest.xml:21:11
	android:theme
		ADDED from AndroidManifest.xml:21:112
	android:name
		ADDED from AndroidManifest.xml:21:56
activity#com.umeng.socialize.view.CommentDetail
ADDED from AndroidManifest.xml:22:1
	android:noHistory
		ADDED from AndroidManifest.xml:22:110
	android:configChanges
		ADDED from AndroidManifest.xml:22:11
	android:theme
		ADDED from AndroidManifest.xml:22:135
	android:name
		ADDED from AndroidManifest.xml:22:56
activity#com.umeng.socialize.view.CommentDetailNoMap
ADDED from AndroidManifest.xml:23:1
	android:noHistory
		ADDED from AndroidManifest.xml:23:115
	android:configChanges
		ADDED from AndroidManifest.xml:23:11
	android:theme
		ADDED from AndroidManifest.xml:23:140
	android:name
		ADDED from AndroidManifest.xml:23:56
activity#com.tencent.tauth.AuthActivity
ADDED from AndroidManifest.xml:24:9
	android:noHistory
		ADDED from AndroidManifest.xml:27:13
	android:name
		ADDED from AndroidManifest.xml:25:13
	android:launchMode
		ADDED from AndroidManifest.xml:26:13
intent-filter#android.intent.action.VIEW+android.intent.category.BROWSABLE+android.intent.category.DEFAULT
ADDED from AndroidManifest.xml:28:13
action#android.intent.action.VIEW
ADDED from AndroidManifest.xml:29:17
	android:name
		ADDED from AndroidManifest.xml:29:25
category#android.intent.category.DEFAULT
ADDED from AndroidManifest.xml:31:17
	android:name
		ADDED from AndroidManifest.xml:31:27
category#android.intent.category.BROWSABLE
ADDED from AndroidManifest.xml:32:17
	android:name
		ADDED from AndroidManifest.xml:32:27
data
ADDED from AndroidManifest.xml:34:17
	android:scheme
		ADDED from AndroidManifest.xml:34:23
activity#com.tencent.connect.common.AssistActivity
ADDED from AndroidManifest.xml:37:9
	android:screenOrientation
		ADDED from AndroidManifest.xml:39:13
	android:theme
		ADDED from AndroidManifest.xml:40:13
	android:name
		ADDED from AndroidManifest.xml:38:13
uses-permission#android.permission.ACCESS_NETWORK_STATE
ADDED from AndroidManifest.xml:48:1
	android:name
		ADDED from AndroidManifest.xml:48:18
uses-permission#android.permission.ACCESS_WIFI_STATE
ADDED from AndroidManifest.xml:49:1
	android:name
		ADDED from AndroidManifest.xml:49:18
uses-permission#android.permission.READ_PHONE_STATE
ADDED from AndroidManifest.xml:50:1
	android:name
		ADDED from AndroidManifest.xml:50:18
uses-permission#android.permission.WRITE_EXTERNAL_STORAGE
ADDED from AndroidManifest.xml:51:1
	android:name
		ADDED from AndroidManifest.xml:51:18
uses-permission#android.permission.INTERNET
ADDED from AndroidManifest.xml:52:1
	android:name
		ADDED from AndroidManifest.xml:52:18
uses-permission#android.permission.ACCESS_FINE_LOCATION
ADDED from AndroidManifest.xml:53:1
	android:name
		ADDED from AndroidManifest.xml:53:18
uses-permission#android.permission.ACCESS_COARSE_LOCATION
ADDED from AndroidManifest.xml:54:1
	android:name
		ADDED from AndroidManifest.xml:54:18
activity#android.support.v7.widget.TestActivity
ADDED from com.android.support:recyclerview-v7:22.1.1:23:9
	android:label
		ADDED from com.android.support:recyclerview-v7:22.1.1:25:13
	android:name
		ADDED from com.android.support:recyclerview-v7:22.1.1:24:13